;  LST file generated by mikroListExporter - v.2.0 
; Date/Time: 06-Jul-18 5:38:02 PM
;----------------------------------------------

;Address Opcode 	ASM
0x0000	0x282B      	GOTO       43
_____DoICP:
;__Lib_System.c,6 :: 		
;__Lib_System.c,9 :: 		
0x0003	0x1283      	BCF        STATUS, 5
0x0004	0x1303      	BCF        STATUS, 6
0x0005	0x0821      	MOVF       ___DoICPAddr+1, 0
0x0006	0x008A      	MOVWF      PCLATH
;__Lib_System.c,10 :: 		
0x0007	0x0820      	MOVF       ___DoICPAddr, 0
0x0008	0x0082      	MOVWF      PCL
;__Lib_System.c,12 :: 		
L_end_____DoICP:
0x0009	0x0008      	RETURN
; end of _____DoICP
_forward:
;code.c,1 :: 		void forward(){
;code.c,2 :: 		portb.b0=0;
0x000A	0x1283      	BCF        STATUS, 5
0x000B	0x1303      	BCF        STATUS, 6
0x000C	0x1006      	BCF        PORTB, 0
;code.c,3 :: 		portb.b1=1;
0x000D	0x1486      	BSF        PORTB, 1
;code.c,4 :: 		portb.b2=0;
0x000E	0x1106      	BCF        PORTB, 2
;code.c,5 :: 		portb.b3=1;
0x000F	0x1586      	BSF        PORTB, 3
;code.c,6 :: 		}
L_end_forward:
0x0010	0x0008      	RETURN
; end of _forward
_reverse:
;code.c,7 :: 		void reverse(){
;code.c,8 :: 		portb.b0=1;
0x0011	0x1283      	BCF        STATUS, 5
0x0012	0x1303      	BCF        STATUS, 6
0x0013	0x1406      	BSF        PORTB, 0
;code.c,9 :: 		portb.b1=0;
0x0014	0x1086      	BCF        PORTB, 1
;code.c,10 :: 		portb.b2=1;
0x0015	0x1506      	BSF        PORTB, 2
;code.c,11 :: 		portb.b3=0;
0x0016	0x1186      	BCF        PORTB, 3
;code.c,12 :: 		}
L_end_reverse:
0x0017	0x0008      	RETURN
; end of _reverse
_stop:
;code.c,13 :: 		void stop(){
;code.c,14 :: 		portb.b0=0;
0x0018	0x1283      	BCF        STATUS, 5
0x0019	0x1303      	BCF        STATUS, 6
0x001A	0x1006      	BCF        PORTB, 0
;code.c,15 :: 		portb.b1=0;
0x001B	0x1086      	BCF        PORTB, 1
;code.c,16 :: 		portb.b2=0;
0x001C	0x1106      	BCF        PORTB, 2
;code.c,17 :: 		portb.b3=0;
0x001D	0x1186      	BCF        PORTB, 3
;code.c,18 :: 		}
L_end_stop:
0x001E	0x0008      	RETURN
; end of _stop
___CC2DW:
;__Lib_System.c,134 :: 		
;__Lib_System.c,137 :: 		
_CC2D_Loop1:
;__Lib_System.c,139 :: 		
0x001F	0x2003      	CALL       _____DoICP
0x0020	0x118A      	BCF        PCLATH, 3
0x0021	0x120A      	BCF        PCLATH, 4
;__Lib_System.c,141 :: 		
0x0022	0x0080      	MOVWF      INDF
;__Lib_System.c,142 :: 		
0x0023	0x0A84      	INCF       FSR, 1
;__Lib_System.c,143 :: 		
0x0024	0x0AA0      	INCF       ___DoICPAddr, 1
;__Lib_System.c,145 :: 		
0x0025	0x1903      	BTFSC      STATUS, 2
;__Lib_System.c,146 :: 		
0x0026	0x0AA1      	INCF       ___DoICPAddr+1, 1
;__Lib_System.c,147 :: 		
0x0027	0x03F0      	DECF       R0, 1
;__Lib_System.c,149 :: 		
0x0028	0x1D03      	BTFSS      STATUS, 2
;__Lib_System.c,150 :: 		
0x0029	0x281F      	GOTO       _CC2D_Loop1
;__Lib_System.c,152 :: 		
L_end___CC2DW:
0x002A	0x0008      	RETURN
; end of ___CC2DW
_main:
;code.c,20 :: 		void main() {
;code.c,21 :: 		trisb.b0=0;
0x002B	0x1683      	BSF        STATUS, 5
0x002C	0x1303      	BCF        STATUS, 6
0x002D	0x1006      	BCF        TRISB, 0
;code.c,22 :: 		trisb.b1=0;
0x002E	0x1086      	BCF        TRISB, 1
;code.c,23 :: 		trisb.b2=0;
0x002F	0x1106      	BCF        TRISB, 2
;code.c,24 :: 		trisb.b3=0;
0x0030	0x1186      	BCF        TRISB, 3
;code.c,25 :: 		trisd.rd0=1;
0x0031	0x1408      	BSF        TRISD, 0
;code.c,26 :: 		trisd.rd1=1;
0x0032	0x1488      	BSF        TRISD, 1
;code.c,27 :: 		portb.b0=0;
0x0033	0x1283      	BCF        STATUS, 5
0x0034	0x1006      	BCF        PORTB, 0
;code.c,28 :: 		portb.b1=0;
0x0035	0x1086      	BCF        PORTB, 1
;code.c,29 :: 		portb.b2=0;
0x0036	0x1106      	BCF        PORTB, 2
;code.c,30 :: 		portb.b3=0;
0x0037	0x1186      	BCF        PORTB, 3
;code.c,31 :: 		portd.rd0=0;
0x0038	0x1008      	BCF        PORTD, 0
;code.c,32 :: 		portd.rd1=0;
0x0039	0x1088      	BCF        PORTD, 1
;code.c,33 :: 		for(;;)
L_main0:
;code.c,35 :: 		if (portd.rd0==1)
0x003A	0x1C08      	BTFSS      PORTD, 0
0x003B	0x283E      	GOTO       L_main3
;code.c,37 :: 		forward();
0x003C	0x200A      	CALL       _forward
;code.c,38 :: 		}
0x003D	0x2843      	GOTO       L_main4
L_main3:
;code.c,39 :: 		else if (portd.rd1==1)
0x003E	0x1C88      	BTFSS      PORTD, 1
0x003F	0x2842      	GOTO       L_main5
;code.c,41 :: 		reverse();
0x0040	0x2011      	CALL       _reverse
;code.c,42 :: 		}
0x0041	0x2843      	GOTO       L_main6
L_main5:
;code.c,43 :: 		else{stop();}
0x0042	0x2018      	CALL       _stop
L_main6:
L_main4:
;code.c,44 :: 		}
0x0043	0x283A      	GOTO       L_main0
;code.c,45 :: 		}
L_end_main:
0x0044	0x2844      	GOTO       $+0
; end of _main
Symbol List:
//** Routines locations **
//ADDRESS    SIZE    PROCEDURE
//----------------------------------------------
0x0003       [7]    _____DoICP
0x000A       [7]    _forward
0x0011       [7]    _reverse
0x0018       [7]    _stop
0x001F      [12]    ___CC2DW
0x002B      [26]    _main
//** Variables locations ** 
//ADDRESS    SIZE    VARIABLE
//----------------------------------------------
0x0000       [1]    INDF
0x0002       [1]    PCL
0x0003       [1]    STATUS
0x0004       [1]    FSR
0x0006       [1]    PORTB
0x0008       [1]    PORTD
0x000A       [1]    PCLATH
0x0020       [2]    ___DoICPAddr
0x0070       [1]    R0
0x0071       [1]    R1
0x0072       [1]    R2
0x0073       [1]    R3
0x0074       [1]    R4
0x0075       [1]    R5
0x0076       [1]    R6
0x0077       [1]    R7
0x0078       [1]    R8
0x0079       [1]    R9
0x007A       [1]    R10
0x007B       [1]    R11
0x007C       [1]    R12
0x007D       [1]    R13
0x007E       [1]    R14
0x007F       [1]    R15
0x0086       [1]    TRISB
0x0088       [1]    TRISD
//** Label List: ** 
//----------------------------------------------
  L_main0
  L_main1
  L_main2
  L_main3
  L_main4
  L_main5
  L_main6
  L_end_forward
  _forward
  L_end_reverse
  _reverse
  L_end_stop
  _stop
  L_end_main
  _main
  L_loopCA2AWs
  L_CA2AWend
  _CCA2AW_Loop1
  L_loopCS2Ss
  L_CS2Send
  _CCS2S_Loop1
  L_CCS2Send
  L_loopFZinSWs
  L_FZinSend
  _CC2D_Loop1
  L_end_____DoICP
  _____DoICP
  L_end_____DoIFC
  _____DoIFC
  L_end___CA2AW
  ___CA2AW
  L_end___CCA2AW
  ___CCA2AW
  L_end___CS2S
  ___CS2S
  L_end___CCS2S
  ___CCS2S
  L_end___FZinS
  ___FZinS
  L_end___CC2DW
  ___CC2DW
  L_end_Swap
  _Swap
